WARNING: A terminally deprecated method in sun.misc.Unsafe has been called
WARNING: sun.misc.Unsafe::staticFieldBase has been called by com.google.inject.internal.aop.HiddenClassDefiner (file:/usr/local/Cellar/maven/3.9.10/libexec/lib/guice-5.1.0-classes.jar)
WARNING: Please consider reporting this to the maintainers of class com.google.inject.internal.aop.HiddenClassDefiner
WARNING: sun.misc.Unsafe::staticFieldBase will be removed in a future release
[INFO] Scanning for projects...
[INFO] 
[INFO] ---------------------------< se.dtime:dtime >---------------------------
[INFO] Building dtime 1.0.0
[INFO]   from pom.xml
[INFO] --------------------------------[ jar ]---------------------------------
[INFO] 
[INFO] >>> spring-boot:3.4.7:run (default-cli) > test-compile @ dtime >>>
[WARNING] The artifact org.hibernate:hibernate-core:jar:6.6.3.Final has been relocated to org.hibernate.orm:hibernate-core:jar:6.6.3.Final
[WARNING] The artifact org.hibernate:hibernate-validator:jar:8.0.1.Final has been relocated to org.hibernate.validator:hibernate-validator:jar:8.0.1.Final
[INFO] 
[INFO] --- enforcer:3.5.0:enforce (enforce-versions) @ dtime ---
[INFO] Rule 0: org.apache.maven.enforcer.rules.version.RequireJavaVersion passed
[INFO] 
[INFO] --- resources:3.3.1:resources (default-resources) @ dtime ---
[INFO] Copying 39 resources from src/main/resources to target/classes
[INFO] Copying 1 resource from src/main/resources to target/classes
[INFO] 
[INFO] --- compiler:3.13.0:compile (default-compile) @ dtime ---
[INFO] Recompiling the module because of changed source code.
[INFO] Compiling 132 source files with javac [debug parameters release 21] to target/classes
[INFO] Some messages have been simplified; recompile with -Xdiags:verbose to get full output
[INFO] -------------------------------------------------------------
[WARNING] COMPILATION WARNING : 
[INFO] -------------------------------------------------------------
[WARNING] /Users/mikael/projects/dtime/backend/src/main/java/se/dtime/config/WebSecurityConfig.java:[74,25] frameOptions() in org.springframework.security.config.annotation.web.configurers.HeadersConfigurer has been deprecated and marked for removal
[WARNING] /Users/mikael/projects/dtime/backend/src/main/java/se/dtime/config/WebSecurityConfig.java:[75,25] contentTypeOptions() in org.springframework.security.config.annotation.web.configurers.HeadersConfigurer has been deprecated and marked for removal
[WARNING] /Users/mikael/projects/dtime/backend/src/main/java/se/dtime/config/WebSecurityConfig.java:[75,46] and() in org.springframework.security.config.annotation.web.configurers.HeadersConfigurer.ContentTypeOptionsConfig has been deprecated and marked for removal
[WARNING] /Users/mikael/projects/dtime/backend/src/main/java/se/dtime/config/WebSecurityConfig.java:[79,25] referrerPolicy(org.springframework.security.web.header.writers.ReferrerPolicyHeaderWriter.ReferrerPolicy) in org.springframework.security.config.annotation.web.configurers.HeadersConfigurer has been deprecated and marked for removal
[INFO] 4 warnings 
[INFO] -------------------------------------------------------------
[INFO] -------------------------------------------------------------
[ERROR] COMPILATION ERROR : 
[INFO] -------------------------------------------------------------
[ERROR] /Users/mikael/projects/dtime/backend/src/main/java/se/dtime/service/account/AccountConverter.java:[19,23] cannot find symbol
  symbol:   method builder()
  location: class se.dtime.model.Account
[ERROR] /Users/mikael/projects/dtime/backend/src/main/java/se/dtime/service/calendar/CalendarService.java:[44,17] cannot find symbol
  symbol:   variable log
  location: class se.dtime.service.calendar.CalendarService
[ERROR] /Users/mikael/projects/dtime/backend/src/main/java/se/dtime/service/calendar/CalendarService.java:[73,28] cannot find symbol
  symbol:   method builder()
  location: class se.dtime.model.timereport.Month
[ERROR] /Users/mikael/projects/dtime/backend/src/main/java/se/dtime/service/calendar/CalendarService.java:[97,20] cannot find symbol
  symbol:   method builder()
  location: class se.dtime.model.timereport.Week
[ERROR] /Users/mikael/projects/dtime/backend/src/main/java/se/dtime/service/calendar/CalendarService.java:[110,19] cannot find symbol
  symbol:   method builder()
  location: class se.dtime.model.timereport.Day
[ERROR] /Users/mikael/projects/dtime/backend/src/main/java/se/dtime/service/basis/BasisService.java:[41,111] cannot find symbol
  symbol:   method getAccountId()
  location: variable monthlyCheck of type se.dtime.model.basis.MonthlyCheck
[ERROR] /Users/mikael/projects/dtime/backend/src/main/java/se/dtime/service/basis/BasisService.java:[41,141] cannot find symbol
  symbol:   method getDate()
  location: variable monthlyCheck of type se.dtime.model.basis.MonthlyCheck
[ERROR] /Users/mikael/projects/dtime/backend/src/main/java/se/dtime/service/basis/MonthlyCheckConverter.java:[17,28] cannot find symbol
  symbol:   method builder()
  location: class se.dtime.model.basis.MonthlyCheck
[ERROR] /Users/mikael/projects/dtime/backend/src/main/java/se/dtime/service/basis/MonthlyCheckConverter.java:[29,42] cannot find symbol
  symbol:   method getId()
  location: variable monthlyCheck of type se.dtime.model.basis.MonthlyCheck
[ERROR] /Users/mikael/projects/dtime/backend/src/main/java/se/dtime/service/basis/MonthlyCheckConverter.java:[30,61] cannot find symbol
  symbol:   method getAccountId()
  location: variable monthlyCheck of type se.dtime.model.basis.MonthlyCheck
[ERROR] /Users/mikael/projects/dtime/backend/src/main/java/se/dtime/service/basis/MonthlyCheckConverter.java:[31,44] cannot find symbol
  symbol:   method getDate()
  location: variable monthlyCheck of type se.dtime.model.basis.MonthlyCheck
[ERROR] /Users/mikael/projects/dtime/backend/src/main/java/se/dtime/service/basis/MonthlyCheckValidator.java:[17,48] cannot find symbol
  symbol:   method getAccountId()
  location: variable monthlyCheck of type se.dtime.model.basis.MonthlyCheck
[ERROR] /Users/mikael/projects/dtime/backend/src/main/java/se/dtime/service/basis/MonthlyCheckValidator.java:[18,25] cannot find symbol
  symbol:   method getDate()
  location: variable monthlyCheck of type se.dtime.model.basis.MonthlyCheck
[ERROR] /Users/mikael/projects/dtime/backend/src/main/java/se/dtime/service/basis/MonthlyCheckValidator.java:[18,59] cannot find symbol
  symbol:   method getDate()
  location: variable monthlyCheck of type se.dtime.model.basis.MonthlyCheck
[ERROR] /Users/mikael/projects/dtime/backend/src/main/java/se/dtime/service/report/FollowUpReportService.java:[59,15] cannot find symbol
  symbol:   method setTotalHours(java.math.BigDecimal)
  location: variable report of type se.dtime.model.report.FollowUpReport
[ERROR] /Users/mikael/projects/dtime/backend/src/main/java/se/dtime/service/report/FollowUpReportService.java:[62,23] cannot find symbol
  symbol:   method setFollowUpUserReports(java.util.List<se.dtime.model.report.FollowUpUserReport>)
  location: variable report of type se.dtime.model.report.FollowUpReport
[ERROR] /Users/mikael/projects/dtime/backend/src/main/java/se/dtime/service/report/FollowUpReportService.java:[65,23] cannot find symbol
  symbol:   method setFollowUpAccountReports(java.util.List<se.dtime.model.report.FollowUpAccountReport>)
  location: variable report of type se.dtime.model.report.FollowUpReport
[ERROR] /Users/mikael/projects/dtime/backend/src/main/java/se/dtime/repository/jdbc/FollowUpReportRepository.java:[48,53] cannot find symbol
  symbol:   method builder()
  location: class se.dtime.model.report.FollowUpData
[ERROR] /Users/mikael/projects/dtime/backend/src/main/java/se/dtime/service/report/ReportService.java:[112,15] cannot find symbol
  symbol:   method setUserReports(java.util.List<se.dtime.model.report.UserReport>)
  location: variable report of type se.dtime.model.report.Report
[ERROR] /Users/mikael/projects/dtime/backend/src/main/java/se/dtime/service/report/ReportService.java:[132,19] cannot find symbol
  symbol:   method setUserReports(java.util.List<se.dtime.model.report.UserReport>)
  location: variable report of type se.dtime.model.report.Report
[ERROR] /Users/mikael/projects/dtime/backend/src/main/java/se/dtime/service/report/ReportService.java:[136,19] cannot find symbol
  symbol:   method setTaskReports(java.util.List<se.dtime.model.report.TaskReport>)
  location: variable report of type se.dtime.model.report.Report
[ERROR] /Users/mikael/projects/dtime/backend/src/main/java/se/dtime/service/report/ReportService.java:[137,56] cannot find symbol
  symbol:   method getTotalHours()
  location: variable b of type se.dtime.model.report.TaskReport
[ERROR] /Users/mikael/projects/dtime/backend/src/main/java/se/dtime/service/report/ReportService.java:[137,75] cannot find symbol
  symbol:   method getTotalHours()
  location: variable a of type se.dtime.model.report.TaskReport
[ERROR] /Users/mikael/projects/dtime/backend/src/main/java/se/dtime/service/report/ReportService.java:[140,19] cannot find symbol
  symbol:   method setUserReports(java.util.List<se.dtime.model.report.UserReport>)
  location: variable report of type se.dtime.model.report.Report
[ERROR] /Users/mikael/projects/dtime/backend/src/main/java/se/dtime/service/report/ReportService.java:[143,19] cannot find symbol
  symbol:   method setTaskUserReports(java.util.List<se.dtime.model.report.TaskUserReport>)
  location: variable report of type se.dtime.model.report.Report
[ERROR] /Users/mikael/projects/dtime/backend/src/main/java/se/dtime/service/report/ReportService.java:[144,60] cannot find symbol
  symbol:   method getTotalHours()
  location: variable b of type se.dtime.model.report.TaskUserReport
[ERROR] /Users/mikael/projects/dtime/backend/src/main/java/se/dtime/service/report/ReportService.java:[144,79] cannot find symbol
  symbol:   method getTotalHours()
  location: variable a of type se.dtime.model.report.TaskUserReport
[ERROR] /Users/mikael/projects/dtime/backend/src/main/java/se/dtime/service/report/ReportService.java:[151,40] cannot find symbol
  symbol:   method getWorkableHours()
  location: variable report of type se.dtime.model.report.Report
[ERROR] /Users/mikael/projects/dtime/backend/src/main/java/se/dtime/service/report/ReportService.java:[152,15] cannot find symbol
  symbol:   method setTotalWorkableHours(int)
  location: variable report of type se.dtime.model.report.Report
[ERROR] /Users/mikael/projects/dtime/backend/src/main/java/se/dtime/service/report/ReportService.java:[156,46] cannot find symbol
  symbol:   method getUserId()
  location: variable userReport of type se.dtime.model.report.UserReport
[ERROR] /Users/mikael/projects/dtime/backend/src/main/java/se/dtime/service/report/ReportService.java:[157,49] cannot find symbol
  symbol:   method getFromDate()
  location: variable userReport of type se.dtime.model.report.UserReport
[ERROR] /Users/mikael/projects/dtime/backend/src/main/java/se/dtime/service/report/ReportService.java:[157,85] cannot find symbol
  symbol:   method getFromDate()
  location: variable userReport of type se.dtime.model.report.UserReport
[ERROR] /Users/mikael/projects/dtime/backend/src/main/java/se/dtime/service/report/ReportService.java:[160,81] cannot find symbol
  symbol:   method getFromDate()
  location: variable userReport of type se.dtime.model.report.UserReport
[ERROR] /Users/mikael/projects/dtime/backend/src/main/java/se/dtime/service/report/ReportService.java:[161,68] cannot find symbol
  symbol:   method getFromDate()
  location: variable userReport of type se.dtime.model.report.UserReport
[ERROR] /Users/mikael/projects/dtime/backend/src/main/java/se/dtime/service/report/ReportService.java:[162,23] cannot find symbol
  symbol:   method setClosed(boolean)
  location: variable userReport of type se.dtime.model.report.UserReport
[ERROR] /Users/mikael/projects/dtime/backend/src/main/java/se/dtime/repository/jdbc/ReportRepository.java:[115,27] cannot find symbol
  symbol:   method setUserId(long)
  location: variable userReport of type se.dtime.model.report.UserReport
[ERROR] /Users/mikael/projects/dtime/backend/src/main/java/se/dtime/repository/jdbc/ReportRepository.java:[116,27] cannot find symbol
  symbol:   method setFullName(java.lang.String)
  location: variable userReport of type se.dtime.model.report.UserReport
[ERROR] /Users/mikael/projects/dtime/backend/src/main/java/se/dtime/repository/jdbc/ReportRepository.java:[119,27] cannot find symbol
  symbol:   method setFromDate(java.time.LocalDate)
  location: variable userReport of type se.dtime.model.report.UserReport
[ERROR] /Users/mikael/projects/dtime/backend/src/main/java/se/dtime/repository/jdbc/ReportRepository.java:[120,27] cannot find symbol
  symbol:   method setToDate(java.time.LocalDate)
  location: variable userReport of type se.dtime.model.report.UserReport
[ERROR] /Users/mikael/projects/dtime/backend/src/main/java/se/dtime/repository/jdbc/ReportRepository.java:[124,23] cannot find symbol
  symbol:   method setTotalTime(double)
  location: variable userReport of type se.dtime.model.report.UserReport
[ERROR] /Users/mikael/projects/dtime/backend/src/main/java/se/dtime/repository/jdbc/ReportRepository.java:[140,23] cannot find symbol
  symbol:   method setAccountId(long)
  location: variable taskReport of type se.dtime.model.report.TaskReport
[ERROR] /Users/mikael/projects/dtime/backend/src/main/java/se/dtime/repository/jdbc/ReportRepository.java:[141,23] cannot find symbol
  symbol:   method setAccountName(java.lang.String)
  location: variable taskReport of type se.dtime.model.report.TaskReport
[ERROR] /Users/mikael/projects/dtime/backend/src/main/java/se/dtime/repository/jdbc/ReportRepository.java:[142,23] cannot find symbol
  symbol:   method setTaskId(long)
  location: variable taskReport of type se.dtime.model.report.TaskReport
[ERROR] /Users/mikael/projects/dtime/backend/src/main/java/se/dtime/repository/jdbc/ReportRepository.java:[143,23] cannot find symbol
  symbol:   method setTaskName(java.lang.String)
  location: variable taskReport of type se.dtime.model.report.TaskReport
[ERROR] /Users/mikael/projects/dtime/backend/src/main/java/se/dtime/repository/jdbc/ReportRepository.java:[144,23] cannot find symbol
  symbol:   method setTotalHours(double)
  location: variable taskReport of type se.dtime.model.report.TaskReport
[ERROR] /Users/mikael/projects/dtime/backend/src/main/java/se/dtime/repository/jdbc/ReportRepository.java:[161,27] cannot find symbol
  symbol:   method setUserId(long)
  location: variable userReport of type se.dtime.model.report.UserReport
[ERROR] /Users/mikael/projects/dtime/backend/src/main/java/se/dtime/repository/jdbc/ReportRepository.java:[162,27] cannot find symbol
  symbol:   method setFullName(java.lang.String)
  location: variable userReport of type se.dtime.model.report.UserReport
[ERROR] /Users/mikael/projects/dtime/backend/src/main/java/se/dtime/repository/jdbc/ReportRepository.java:[165,27] cannot find symbol
  symbol:   method setFromDate(java.time.LocalDate)
  location: variable userReport of type se.dtime.model.report.UserReport
[ERROR] /Users/mikael/projects/dtime/backend/src/main/java/se/dtime/repository/jdbc/ReportRepository.java:[166,27] cannot find symbol
  symbol:   method setToDate(java.time.LocalDate)
  location: variable userReport of type se.dtime.model.report.UserReport
[ERROR] /Users/mikael/projects/dtime/backend/src/main/java/se/dtime/repository/jdbc/ReportRepository.java:[170,23] cannot find symbol
  symbol:   method setAccountId(long)
  location: variable taskReport of type se.dtime.model.report.TaskReport
[ERROR] /Users/mikael/projects/dtime/backend/src/main/java/se/dtime/repository/jdbc/ReportRepository.java:[171,23] cannot find symbol
  symbol:   method setAccountName(java.lang.String)
  location: variable taskReport of type se.dtime.model.report.TaskReport
[ERROR] /Users/mikael/projects/dtime/backend/src/main/java/se/dtime/repository/jdbc/ReportRepository.java:[172,23] cannot find symbol
  symbol:   method setTaskId(long)
  location: variable taskReport of type se.dtime.model.report.TaskReport
[ERROR] /Users/mikael/projects/dtime/backend/src/main/java/se/dtime/repository/jdbc/ReportRepository.java:[173,23] cannot find symbol
  symbol:   method setTaskName(java.lang.String)
  location: variable taskReport of type se.dtime.model.report.TaskReport
[ERROR] /Users/mikael/projects/dtime/backend/src/main/java/se/dtime/repository/jdbc/ReportRepository.java:[175,23] cannot find symbol
  symbol:   method setTotalHours(double)
  location: variable taskReport of type se.dtime.model.report.TaskReport
[ERROR] /Users/mikael/projects/dtime/backend/src/main/java/se/dtime/repository/jdbc/ReportRepository.java:[176,23] cannot find symbol
  symbol:   method getTaskReports()
  location: variable userReport of type se.dtime.model.report.UserReport
[ERROR] /Users/mikael/projects/dtime/backend/src/main/java/se/dtime/repository/jdbc/ReportRepository.java:[189,23] cannot find symbol
  symbol:   method setUserId(long)
  location: variable userReport of type se.dtime.model.report.UserReport
[ERROR] /Users/mikael/projects/dtime/backend/src/main/java/se/dtime/repository/jdbc/ReportRepository.java:[190,23] cannot find symbol
  symbol:   method setFullName(java.lang.String)
  location: variable userReport of type se.dtime.model.report.UserReport
[ERROR] /Users/mikael/projects/dtime/backend/src/main/java/se/dtime/repository/jdbc/ReportRepository.java:[191,23] cannot find symbol
  symbol:   method setFromDate(java.time.LocalDate)
  location: variable userReport of type se.dtime.model.report.UserReport
[ERROR] /Users/mikael/projects/dtime/backend/src/main/java/se/dtime/repository/jdbc/ReportRepository.java:[192,23] cannot find symbol
  symbol:   method setToDate(java.time.LocalDate)
  location: variable userReport of type se.dtime.model.report.UserReport
[ERROR] /Users/mikael/projects/dtime/backend/src/main/java/se/dtime/repository/jdbc/ReportRepository.java:[212,48] cannot find symbol
  symbol:   method builder()
  location: class se.dtime.model.report.TaskUserReport
[ERROR] /Users/mikael/projects/dtime/backend/src/main/java/se/dtime/repository/jdbc/ReportRepository.java:[227,56] cannot find symbol
  symbol:   method getTotalHours()
  location: variable taskUserReport of type se.dtime.model.report.TaskUserReport
[ERROR] /Users/mikael/projects/dtime/backend/src/main/java/se/dtime/repository/jdbc/ReportRepository.java:[229,71] cannot find symbol
  symbol:   method builder()
  location: class se.dtime.model.report.TaskUserUserReport
[ERROR] /Users/mikael/projects/dtime/backend/src/main/java/se/dtime/repository/jdbc/ReportRepository.java:[236,27] cannot find symbol
  symbol:   method getTaskUserUserReports()
  location: variable taskUserReport of type se.dtime.model.report.TaskUserReport
[ERROR] /Users/mikael/projects/dtime/backend/src/main/java/se/dtime/service/report/ReportValidator.java:[19,42] cannot find symbol
  symbol:   method getUserId()
  location: variable closeDate of type se.dtime.model.timereport.CloseDate
[ERROR] /Users/mikael/projects/dtime/backend/src/main/java/se/dtime/service/report/ReportValidator.java:[23,58] cannot find symbol
  symbol:   method getUserId()
  location: variable closeDate of type se.dtime.model.timereport.CloseDate
[ERROR] /Users/mikael/projects/dtime/backend/src/main/java/se/dtime/service/report/ReportConverter.java:[15,48] cannot find symbol
  symbol:   method getCloseDate()
  location: variable closeDate of type se.dtime.model.timereport.CloseDate
[ERROR] /Users/mikael/projects/dtime/backend/src/main/java/se/dtime/service/report/ReportConverter.java:[15,84] cannot find symbol
  symbol:   method getCloseDate()
  location: variable closeDate of type se.dtime.model.timereport.CloseDate
[ERROR] /Users/mikael/projects/dtime/backend/src/main/java/se/dtime/service/report/ReportConverter.java:[17,49] cannot find symbol
  symbol:   method getUserId()
  location: variable closeDate of type se.dtime.model.timereport.CloseDate
[ERROR] /Users/mikael/projects/dtime/backend/src/main/java/se/dtime/service/admin/SessionService.java:[36,49] cannot find symbol
  symbol:   method builder()
  location: class se.dtime.model.LoggedInUser
[ERROR] /Users/mikael/projects/dtime/backend/src/main/java/se/dtime/service/admin/SessionService.java:[44,27] cannot find symbol
  symbol:   method builder()
  location: class se.dtime.model.SessionInfo
[ERROR] /Users/mikael/projects/dtime/backend/src/main/java/se/dtime/service/system/SystemService.java:[58,35] cannot find symbol
  symbol:   method builder()
  location: class se.dtime.model.SystemConfiguration
[ERROR] /Users/mikael/projects/dtime/backend/src/main/java/se/dtime/service/system/SystemConverter.java:[37,32] cannot find symbol
  symbol:   method builder()
  location: class se.dtime.model.SystemPropertyDB
[ERROR] /Users/mikael/projects/dtime/backend/src/main/java/se/dtime/service/system/SystemConverter.java:[60,29] cannot find symbol
  symbol:   method builder()
  location: class se.dtime.model.PublicHoliday
[ERROR] /Users/mikael/projects/dtime/backend/src/main/java/se/dtime/service/taskcontributor/TaskContributorService.java:[38,72] cannot find symbol
  symbol:   method getActivationStatus()
  location: variable taskContributor of type se.dtime.model.TaskContributor
[ERROR] /Users/mikael/projects/dtime/backend/src/main/java/se/dtime/service/taskcontributor/TaskContributorValidator.java:[47,64] cannot find symbol
  symbol:   method getUser()
  location: variable taskContributor of type se.dtime.model.TaskContributor
[ERROR] /Users/mikael/projects/dtime/backend/src/main/java/se/dtime/service/taskcontributor/TaskContributorValidator.java:[50,64] cannot find symbol
  symbol:   method getTask()
  location: variable taskContributor of type se.dtime.model.TaskContributor
[ERROR] /Users/mikael/projects/dtime/backend/src/main/java/se/dtime/service/taskcontributor/TaskContributorConverter.java:[32,31] cannot find symbol
  symbol:   method builder()
  location: class se.dtime.model.TaskContributor
[ERROR] /Users/mikael/projects/dtime/backend/src/main/java/se/dtime/service/taskcontributor/TaskContributorConverter.java:[49,48] cannot find symbol
  symbol:   method getId()
  location: variable taskContributor of type se.dtime.model.TaskContributor
[ERROR] /Users/mikael/projects/dtime/backend/src/main/java/se/dtime/service/taskcontributor/TaskContributorConverter.java:[50,61] cannot find symbol
  symbol:   method getUser()
  location: variable taskContributor of type se.dtime.model.TaskContributor
[ERROR] /Users/mikael/projects/dtime/backend/src/main/java/se/dtime/service/taskcontributor/TaskContributorConverter.java:[51,61] cannot find symbol
  symbol:   method getTask()
  location: variable taskContributor of type se.dtime.model.TaskContributor
[ERROR] /Users/mikael/projects/dtime/backend/src/main/java/se/dtime/service/taskcontributor/TaskContributorConverter.java:[52,62] cannot find symbol
  symbol:   method getActivationStatus()
  location: variable taskContributor of type se.dtime.model.TaskContributor
[ERROR] /Users/mikael/projects/dtime/backend/src/main/java/se/dtime/service/taskcontributor/TaskContributorConverter.java:[68,62] cannot find symbol
  symbol:   method builder()
  location: class se.dtime.model.TaskContributor
[ERROR] /Users/mikael/projects/dtime/backend/src/main/java/se/dtime/service/user/UserConverter.java:[27,20] cannot find symbol
  symbol:   method builder()
  location: class se.dtime.model.User
[ERROR] /Users/mikael/projects/dtime/backend/src/main/java/se/dtime/service/task/TaskConverter.java:[24,20] cannot find symbol
  symbol:   method builder()
  location: class se.dtime.model.Task
[ERROR] /Users/mikael/projects/dtime/backend/src/main/java/se/dtime/service/task/TaskConverter.java:[37,26] cannot find symbol
  symbol:   method getId()
  location: variable task of type se.dtime.model.Task
[ERROR] /Users/mikael/projects/dtime/backend/src/main/java/se/dtime/service/task/TaskConverter.java:[38,28] cannot find symbol
  symbol:   method getName()
  location: variable task of type se.dtime.model.Task
[ERROR] /Users/mikael/projects/dtime/backend/src/main/java/se/dtime/service/task/TaskConverter.java:[39,40] cannot find symbol
  symbol:   method getActivationStatus()
  location: variable task of type se.dtime.model.Task
[ERROR] /Users/mikael/projects/dtime/backend/src/main/java/se/dtime/service/task/TaskConverter.java:[43,29] cannot find symbol
  symbol:   method getAccount()
  location: variable task of type se.dtime.model.Task
[ERROR] /Users/mikael/projects/dtime/backend/src/main/java/se/dtime/restcontroller/TaskRestController.java:[26,17] cannot find symbol
  symbol:   method getId()
  location: variable task of type se.dtime.model.Task
[ERROR] /Users/mikael/projects/dtime/backend/src/main/java/se/dtime/service/task/TaskService.java:[43,17] cannot find symbol
  symbol:   method getActivationStatus()
  location: variable task of type se.dtime.model.Task
[ERROR] /Users/mikael/projects/dtime/backend/src/main/java/se/dtime/service/task/TaskValidator.java:[59,53] cannot find symbol
  symbol:   method getId()
  location: variable task of type se.dtime.model.Task
[ERROR] /Users/mikael/projects/dtime/backend/src/main/java/se/dtime/service/task/TaskValidator.java:[65,62] cannot find symbol
  symbol:   method getName()
  location: variable task of type se.dtime.model.Task
[ERROR] /Users/mikael/projects/dtime/backend/src/main/java/se/dtime/service/task/TaskValidator.java:[67,79] cannot find symbol
  symbol:   method getId()
  location: variable task of type se.dtime.model.Task
[ERROR] /Users/mikael/projects/dtime/backend/src/main/java/se/dtime/service/task/TaskValidator.java:[68,67] cannot find symbol
  symbol:   method getAccount()
  location: variable task of type se.dtime.model.Task
[ERROR] /Users/mikael/projects/dtime/backend/src/main/java/se/dtime/service/timeentry/TimeEntryService.java:[49,9] cannot find symbol
  symbol:   variable log
  location: class se.dtime.service.timeentry.TimeEntryService
[ERROR] /Users/mikael/projects/dtime/backend/src/main/java/se/dtime/service/timeentry/TimeEntryService.java:[49,43] cannot find symbol
  symbol:   method getTime()
  location: variable timeEntry of type se.dtime.model.timereport.TimeEntry
[ERROR] /Users/mikael/projects/dtime/backend/src/main/java/se/dtime/service/timeentry/TimeEntryService.java:[49,64] cannot find symbol
  symbol:   method getDay()
  location: variable timeEntry of type se.dtime.model.timereport.TimeEntry
[ERROR] /Users/mikael/projects/dtime/backend/src/main/java/se/dtime/service/timeentry/TimeEntryService.java:[53,35] cannot find symbol
  symbol:   method getTime()
  location: variable timeEntry of type se.dtime.model.timereport.TimeEntry
[ERROR] /Users/mikael/projects/dtime/backend/src/main/java/se/dtime/service/timeentry/TimeEntryService.java:[53,66] cannot find symbol
  symbol:   method getTime()
  location: variable timeEntry of type se.dtime.model.timereport.TimeEntry
[ERROR] /Users/mikael/projects/dtime/backend/src/main/java/se/dtime/service/timeentry/TimeEntryService.java:[55,71] cannot find symbol
  symbol:   method getId()
  location: variable timeEntry of type se.dtime.model.timereport.TimeEntry
[INFO] 100 errors 
[INFO] -------------------------------------------------------------
[INFO] ------------------------------------------------------------------------
[INFO] BUILD FAILURE
[INFO] ------------------------------------------------------------------------
[INFO] Total time:  4.671 s
[INFO] Finished at: 2025-07-27T23:10:17+02:00
[INFO] ------------------------------------------------------------------------
[ERROR] Failed to execute goal org.apache.maven.plugins:maven-compiler-plugin:3.13.0:compile (default-compile) on project dtime: Compilation failure: Compilation failure: 
[ERROR] /Users/mikael/projects/dtime/backend/src/main/java/se/dtime/service/account/AccountConverter.java:[19,23] cannot find symbol
[ERROR]   symbol:   method builder()
[ERROR]   location: class se.dtime.model.Account
[ERROR] /Users/mikael/projects/dtime/backend/src/main/java/se/dtime/service/calendar/CalendarService.java:[44,17] cannot find symbol
[ERROR]   symbol:   variable log
[ERROR]   location: class se.dtime.service.calendar.CalendarService
[ERROR] /Users/mikael/projects/dtime/backend/src/main/java/se/dtime/service/calendar/CalendarService.java:[73,28] cannot find symbol
[ERROR]   symbol:   method builder()
[ERROR]   location: class se.dtime.model.timereport.Month
[ERROR] /Users/mikael/projects/dtime/backend/src/main/java/se/dtime/service/calendar/CalendarService.java:[97,20] cannot find symbol
[ERROR]   symbol:   method builder()
[ERROR]   location: class se.dtime.model.timereport.Week
[ERROR] /Users/mikael/projects/dtime/backend/src/main/java/se/dtime/service/calendar/CalendarService.java:[110,19] cannot find symbol
[ERROR]   symbol:   method builder()
[ERROR]   location: class se.dtime.model.timereport.Day
[ERROR] /Users/mikael/projects/dtime/backend/src/main/java/se/dtime/service/basis/BasisService.java:[41,111] cannot find symbol
[ERROR]   symbol:   method getAccountId()
[ERROR]   location: variable monthlyCheck of type se.dtime.model.basis.MonthlyCheck
[ERROR] /Users/mikael/projects/dtime/backend/src/main/java/se/dtime/service/basis/BasisService.java:[41,141] cannot find symbol
[ERROR]   symbol:   method getDate()
[ERROR]   location: variable monthlyCheck of type se.dtime.model.basis.MonthlyCheck
[ERROR] /Users/mikael/projects/dtime/backend/src/main/java/se/dtime/service/basis/MonthlyCheckConverter.java:[17,28] cannot find symbol
[ERROR]   symbol:   method builder()
[ERROR]   location: class se.dtime.model.basis.MonthlyCheck
[ERROR] /Users/mikael/projects/dtime/backend/src/main/java/se/dtime/service/basis/MonthlyCheckConverter.java:[29,42] cannot find symbol
[ERROR]   symbol:   method getId()
[ERROR]   location: variable monthlyCheck of type se.dtime.model.basis.MonthlyCheck
[ERROR] /Users/mikael/projects/dtime/backend/src/main/java/se/dtime/service/basis/MonthlyCheckConverter.java:[30,61] cannot find symbol
[ERROR]   symbol:   method getAccountId()
[ERROR]   location: variable monthlyCheck of type se.dtime.model.basis.MonthlyCheck
[ERROR] /Users/mikael/projects/dtime/backend/src/main/java/se/dtime/service/basis/MonthlyCheckConverter.java:[31,44] cannot find symbol
[ERROR]   symbol:   method getDate()
[ERROR]   location: variable monthlyCheck of type se.dtime.model.basis.MonthlyCheck
[ERROR] /Users/mikael/projects/dtime/backend/src/main/java/se/dtime/service/basis/MonthlyCheckValidator.java:[17,48] cannot find symbol
[ERROR]   symbol:   method getAccountId()
[ERROR]   location: variable monthlyCheck of type se.dtime.model.basis.MonthlyCheck
[ERROR] /Users/mikael/projects/dtime/backend/src/main/java/se/dtime/service/basis/MonthlyCheckValidator.java:[18,25] cannot find symbol
[ERROR]   symbol:   method getDate()
[ERROR]   location: variable monthlyCheck of type se.dtime.model.basis.MonthlyCheck
[ERROR] /Users/mikael/projects/dtime/backend/src/main/java/se/dtime/service/basis/MonthlyCheckValidator.java:[18,59] cannot find symbol
[ERROR]   symbol:   method getDate()
[ERROR]   location: variable monthlyCheck of type se.dtime.model.basis.MonthlyCheck
[ERROR] /Users/mikael/projects/dtime/backend/src/main/java/se/dtime/service/report/FollowUpReportService.java:[59,15] cannot find symbol
[ERROR]   symbol:   method setTotalHours(java.math.BigDecimal)
[ERROR]   location: variable report of type se.dtime.model.report.FollowUpReport
[ERROR] /Users/mikael/projects/dtime/backend/src/main/java/se/dtime/service/report/FollowUpReportService.java:[62,23] cannot find symbol
[ERROR]   symbol:   method setFollowUpUserReports(java.util.List<se.dtime.model.report.FollowUpUserReport>)
[ERROR]   location: variable report of type se.dtime.model.report.FollowUpReport
[ERROR] /Users/mikael/projects/dtime/backend/src/main/java/se/dtime/service/report/FollowUpReportService.java:[65,23] cannot find symbol
[ERROR]   symbol:   method setFollowUpAccountReports(java.util.List<se.dtime.model.report.FollowUpAccountReport>)
[ERROR]   location: variable report of type se.dtime.model.report.FollowUpReport
[ERROR] /Users/mikael/projects/dtime/backend/src/main/java/se/dtime/repository/jdbc/FollowUpReportRepository.java:[48,53] cannot find symbol
[ERROR]   symbol:   method builder()
[ERROR]   location: class se.dtime.model.report.FollowUpData
[ERROR] /Users/mikael/projects/dtime/backend/src/main/java/se/dtime/service/report/ReportService.java:[112,15] cannot find symbol
[ERROR]   symbol:   method setUserReports(java.util.List<se.dtime.model.report.UserReport>)
[ERROR]   location: variable report of type se.dtime.model.report.Report
[ERROR] /Users/mikael/projects/dtime/backend/src/main/java/se/dtime/service/report/ReportService.java:[132,19] cannot find symbol
[ERROR]   symbol:   method setUserReports(java.util.List<se.dtime.model.report.UserReport>)
[ERROR]   location: variable report of type se.dtime.model.report.Report
[ERROR] /Users/mikael/projects/dtime/backend/src/main/java/se/dtime/service/report/ReportService.java:[136,19] cannot find symbol
[ERROR]   symbol:   method setTaskReports(java.util.List<se.dtime.model.report.TaskReport>)
[ERROR]   location: variable report of type se.dtime.model.report.Report
[ERROR] /Users/mikael/projects/dtime/backend/src/main/java/se/dtime/service/report/ReportService.java:[137,56] cannot find symbol
[ERROR]   symbol:   method getTotalHours()
[ERROR]   location: variable b of type se.dtime.model.report.TaskReport
[ERROR] /Users/mikael/projects/dtime/backend/src/main/java/se/dtime/service/report/ReportService.java:[137,75] cannot find symbol
[ERROR]   symbol:   method getTotalHours()
[ERROR]   location: variable a of type se.dtime.model.report.TaskReport
[ERROR] /Users/mikael/projects/dtime/backend/src/main/java/se/dtime/service/report/ReportService.java:[140,19] cannot find symbol
[ERROR]   symbol:   method setUserReports(java.util.List<se.dtime.model.report.UserReport>)
[ERROR]   location: variable report of type se.dtime.model.report.Report
[ERROR] /Users/mikael/projects/dtime/backend/src/main/java/se/dtime/service/report/ReportService.java:[143,19] cannot find symbol
[ERROR]   symbol:   method setTaskUserReports(java.util.List<se.dtime.model.report.TaskUserReport>)
[ERROR]   location: variable report of type se.dtime.model.report.Report
[ERROR] /Users/mikael/projects/dtime/backend/src/main/java/se/dtime/service/report/ReportService.java:[144,60] cannot find symbol
[ERROR]   symbol:   method getTotalHours()
[ERROR]   location: variable b of type se.dtime.model.report.TaskUserReport
[ERROR] /Users/mikael/projects/dtime/backend/src/main/java/se/dtime/service/report/ReportService.java:[144,79] cannot find symbol
[ERROR]   symbol:   method getTotalHours()
[ERROR]   location: variable a of type se.dtime.model.report.TaskUserReport
[ERROR] /Users/mikael/projects/dtime/backend/src/main/java/se/dtime/service/report/ReportService.java:[151,40] cannot find symbol
[ERROR]   symbol:   method getWorkableHours()
[ERROR]   location: variable report of type se.dtime.model.report.Report
[ERROR] /Users/mikael/projects/dtime/backend/src/main/java/se/dtime/service/report/ReportService.java:[152,15] cannot find symbol
[ERROR]   symbol:   method setTotalWorkableHours(int)
[ERROR]   location: variable report of type se.dtime.model.report.Report
[ERROR] /Users/mikael/projects/dtime/backend/src/main/java/se/dtime/service/report/ReportService.java:[156,46] cannot find symbol
[ERROR]   symbol:   method getUserId()
[ERROR]   location: variable userReport of type se.dtime.model.report.UserReport
[ERROR] /Users/mikael/projects/dtime/backend/src/main/java/se/dtime/service/report/ReportService.java:[157,49] cannot find symbol
[ERROR]   symbol:   method getFromDate()
[ERROR]   location: variable userReport of type se.dtime.model.report.UserReport
[ERROR] /Users/mikael/projects/dtime/backend/src/main/java/se/dtime/service/report/ReportService.java:[157,85] cannot find symbol
[ERROR]   symbol:   method getFromDate()
[ERROR]   location: variable userReport of type se.dtime.model.report.UserReport
[ERROR] /Users/mikael/projects/dtime/backend/src/main/java/se/dtime/service/report/ReportService.java:[160,81] cannot find symbol
[ERROR]   symbol:   method getFromDate()
[ERROR]   location: variable userReport of type se.dtime.model.report.UserReport
[ERROR] /Users/mikael/projects/dtime/backend/src/main/java/se/dtime/service/report/ReportService.java:[161,68] cannot find symbol
[ERROR]   symbol:   method getFromDate()
[ERROR]   location: variable userReport of type se.dtime.model.report.UserReport
[ERROR] /Users/mikael/projects/dtime/backend/src/main/java/se/dtime/service/report/ReportService.java:[162,23] cannot find symbol
[ERROR]   symbol:   method setClosed(boolean)
[ERROR]   location: variable userReport of type se.dtime.model.report.UserReport
[ERROR] /Users/mikael/projects/dtime/backend/src/main/java/se/dtime/repository/jdbc/ReportRepository.java:[115,27] cannot find symbol
[ERROR]   symbol:   method setUserId(long)
[ERROR]   location: variable userReport of type se.dtime.model.report.UserReport
[ERROR] /Users/mikael/projects/dtime/backend/src/main/java/se/dtime/repository/jdbc/ReportRepository.java:[116,27] cannot find symbol
[ERROR]   symbol:   method setFullName(java.lang.String)
[ERROR]   location: variable userReport of type se.dtime.model.report.UserReport
[ERROR] /Users/mikael/projects/dtime/backend/src/main/java/se/dtime/repository/jdbc/ReportRepository.java:[119,27] cannot find symbol
[ERROR]   symbol:   method setFromDate(java.time.LocalDate)
[ERROR]   location: variable userReport of type se.dtime.model.report.UserReport
[ERROR] /Users/mikael/projects/dtime/backend/src/main/java/se/dtime/repository/jdbc/ReportRepository.java:[120,27] cannot find symbol
[ERROR]   symbol:   method setToDate(java.time.LocalDate)
[ERROR]   location: variable userReport of type se.dtime.model.report.UserReport
[ERROR] /Users/mikael/projects/dtime/backend/src/main/java/se/dtime/repository/jdbc/ReportRepository.java:[124,23] cannot find symbol
[ERROR]   symbol:   method setTotalTime(double)
[ERROR]   location: variable userReport of type se.dtime.model.report.UserReport
[ERROR] /Users/mikael/projects/dtime/backend/src/main/java/se/dtime/repository/jdbc/ReportRepository.java:[140,23] cannot find symbol
[ERROR]   symbol:   method setAccountId(long)
[ERROR]   location: variable taskReport of type se.dtime.model.report.TaskReport
[ERROR] /Users/mikael/projects/dtime/backend/src/main/java/se/dtime/repository/jdbc/ReportRepository.java:[141,23] cannot find symbol
[ERROR]   symbol:   method setAccountName(java.lang.String)
[ERROR]   location: variable taskReport of type se.dtime.model.report.TaskReport
[ERROR] /Users/mikael/projects/dtime/backend/src/main/java/se/dtime/repository/jdbc/ReportRepository.java:[142,23] cannot find symbol
[ERROR]   symbol:   method setTaskId(long)
[ERROR]   location: variable taskReport of type se.dtime.model.report.TaskReport
[ERROR] /Users/mikael/projects/dtime/backend/src/main/java/se/dtime/repository/jdbc/ReportRepository.java:[143,23] cannot find symbol
[ERROR]   symbol:   method setTaskName(java.lang.String)
[ERROR]   location: variable taskReport of type se.dtime.model.report.TaskReport
[ERROR] /Users/mikael/projects/dtime/backend/src/main/java/se/dtime/repository/jdbc/ReportRepository.java:[144,23] cannot find symbol
[ERROR]   symbol:   method setTotalHours(double)
[ERROR]   location: variable taskReport of type se.dtime.model.report.TaskReport
[ERROR] /Users/mikael/projects/dtime/backend/src/main/java/se/dtime/repository/jdbc/ReportRepository.java:[161,27] cannot find symbol
[ERROR]   symbol:   method setUserId(long)
[ERROR]   location: variable userReport of type se.dtime.model.report.UserReport
[ERROR] /Users/mikael/projects/dtime/backend/src/main/java/se/dtime/repository/jdbc/ReportRepository.java:[162,27] cannot find symbol
[ERROR]   symbol:   method setFullName(java.lang.String)
[ERROR]   location: variable userReport of type se.dtime.model.report.UserReport
[ERROR] /Users/mikael/projects/dtime/backend/src/main/java/se/dtime/repository/jdbc/ReportRepository.java:[165,27] cannot find symbol
[ERROR]   symbol:   method setFromDate(java.time.LocalDate)
[ERROR]   location: variable userReport of type se.dtime.model.report.UserReport
[ERROR] /Users/mikael/projects/dtime/backend/src/main/java/se/dtime/repository/jdbc/ReportRepository.java:[166,27] cannot find symbol
[ERROR]   symbol:   method setToDate(java.time.LocalDate)
[ERROR]   location: variable userReport of type se.dtime.model.report.UserReport
[ERROR] /Users/mikael/projects/dtime/backend/src/main/java/se/dtime/repository/jdbc/ReportRepository.java:[170,23] cannot find symbol
[ERROR]   symbol:   method setAccountId(long)
[ERROR]   location: variable taskReport of type se.dtime.model.report.TaskReport
[ERROR] /Users/mikael/projects/dtime/backend/src/main/java/se/dtime/repository/jdbc/ReportRepository.java:[171,23] cannot find symbol
[ERROR]   symbol:   method setAccountName(java.lang.String)
[ERROR]   location: variable taskReport of type se.dtime.model.report.TaskReport
[ERROR] /Users/mikael/projects/dtime/backend/src/main/java/se/dtime/repository/jdbc/ReportRepository.java:[172,23] cannot find symbol
[ERROR]   symbol:   method setTaskId(long)
[ERROR]   location: variable taskReport of type se.dtime.model.report.TaskReport
[ERROR] /Users/mikael/projects/dtime/backend/src/main/java/se/dtime/repository/jdbc/ReportRepository.java:[173,23] cannot find symbol
[ERROR]   symbol:   method setTaskName(java.lang.String)
[ERROR]   location: variable taskReport of type se.dtime.model.report.TaskReport
[ERROR] /Users/mikael/projects/dtime/backend/src/main/java/se/dtime/repository/jdbc/ReportRepository.java:[175,23] cannot find symbol
[ERROR]   symbol:   method setTotalHours(double)
[ERROR]   location: variable taskReport of type se.dtime.model.report.TaskReport
[ERROR] /Users/mikael/projects/dtime/backend/src/main/java/se/dtime/repository/jdbc/ReportRepository.java:[176,23] cannot find symbol
[ERROR]   symbol:   method getTaskReports()
[ERROR]   location: variable userReport of type se.dtime.model.report.UserReport
[ERROR] /Users/mikael/projects/dtime/backend/src/main/java/se/dtime/repository/jdbc/ReportRepository.java:[189,23] cannot find symbol
[ERROR]   symbol:   method setUserId(long)
[ERROR]   location: variable userReport of type se.dtime.model.report.UserReport
[ERROR] /Users/mikael/projects/dtime/backend/src/main/java/se/dtime/repository/jdbc/ReportRepository.java:[190,23] cannot find symbol
[ERROR]   symbol:   method setFullName(java.lang.String)
[ERROR]   location: variable userReport of type se.dtime.model.report.UserReport
[ERROR] /Users/mikael/projects/dtime/backend/src/main/java/se/dtime/repository/jdbc/ReportRepository.java:[191,23] cannot find symbol
[ERROR]   symbol:   method setFromDate(java.time.LocalDate)
[ERROR]   location: variable userReport of type se.dtime.model.report.UserReport
[ERROR] /Users/mikael/projects/dtime/backend/src/main/java/se/dtime/repository/jdbc/ReportRepository.java:[192,23] cannot find symbol
[ERROR]   symbol:   method setToDate(java.time.LocalDate)
[ERROR]   location: variable userReport of type se.dtime.model.report.UserReport
[ERROR] /Users/mikael/projects/dtime/backend/src/main/java/se/dtime/repository/jdbc/ReportRepository.java:[212,48] cannot find symbol
[ERROR]   symbol:   method builder()
[ERROR]   location: class se.dtime.model.report.TaskUserReport
[ERROR] /Users/mikael/projects/dtime/backend/src/main/java/se/dtime/repository/jdbc/ReportRepository.java:[227,56] cannot find symbol
[ERROR]   symbol:   method getTotalHours()
[ERROR]   location: variable taskUserReport of type se.dtime.model.report.TaskUserReport
[ERROR] /Users/mikael/projects/dtime/backend/src/main/java/se/dtime/repository/jdbc/ReportRepository.java:[229,71] cannot find symbol
[ERROR]   symbol:   method builder()
[ERROR]   location: class se.dtime.model.report.TaskUserUserReport
[ERROR] /Users/mikael/projects/dtime/backend/src/main/java/se/dtime/repository/jdbc/ReportRepository.java:[236,27] cannot find symbol
[ERROR]   symbol:   method getTaskUserUserReports()
[ERROR]   location: variable taskUserReport of type se.dtime.model.report.TaskUserReport
[ERROR] /Users/mikael/projects/dtime/backend/src/main/java/se/dtime/service/report/ReportValidator.java:[19,42] cannot find symbol
[ERROR]   symbol:   method getUserId()
[ERROR]   location: variable closeDate of type se.dtime.model.timereport.CloseDate
[ERROR] /Users/mikael/projects/dtime/backend/src/main/java/se/dtime/service/report/ReportValidator.java:[23,58] cannot find symbol
[ERROR]   symbol:   method getUserId()
[ERROR]   location: variable closeDate of type se.dtime.model.timereport.CloseDate
[ERROR] /Users/mikael/projects/dtime/backend/src/main/java/se/dtime/service/report/ReportConverter.java:[15,48] cannot find symbol
[ERROR]   symbol:   method getCloseDate()
[ERROR]   location: variable closeDate of type se.dtime.model.timereport.CloseDate
[ERROR] /Users/mikael/projects/dtime/backend/src/main/java/se/dtime/service/report/ReportConverter.java:[15,84] cannot find symbol
[ERROR]   symbol:   method getCloseDate()
[ERROR]   location: variable closeDate of type se.dtime.model.timereport.CloseDate
[ERROR] /Users/mikael/projects/dtime/backend/src/main/java/se/dtime/service/report/ReportConverter.java:[17,49] cannot find symbol
[ERROR]   symbol:   method getUserId()
[ERROR]   location: variable closeDate of type se.dtime.model.timereport.CloseDate
[ERROR] /Users/mikael/projects/dtime/backend/src/main/java/se/dtime/service/admin/SessionService.java:[36,49] cannot find symbol
[ERROR]   symbol:   method builder()
[ERROR]   location: class se.dtime.model.LoggedInUser
[ERROR] /Users/mikael/projects/dtime/backend/src/main/java/se/dtime/service/admin/SessionService.java:[44,27] cannot find symbol
[ERROR]   symbol:   method builder()
[ERROR]   location: class se.dtime.model.SessionInfo
[ERROR] /Users/mikael/projects/dtime/backend/src/main/java/se/dtime/service/system/SystemService.java:[58,35] cannot find symbol
[ERROR]   symbol:   method builder()
[ERROR]   location: class se.dtime.model.SystemConfiguration
[ERROR] /Users/mikael/projects/dtime/backend/src/main/java/se/dtime/service/system/SystemConverter.java:[37,32] cannot find symbol
[ERROR]   symbol:   method builder()
[ERROR]   location: class se.dtime.model.SystemPropertyDB
[ERROR] /Users/mikael/projects/dtime/backend/src/main/java/se/dtime/service/system/SystemConverter.java:[60,29] cannot find symbol
[ERROR]   symbol:   method builder()
[ERROR]   location: class se.dtime.model.PublicHoliday
[ERROR] /Users/mikael/projects/dtime/backend/src/main/java/se/dtime/service/taskcontributor/TaskContributorService.java:[38,72] cannot find symbol
[ERROR]   symbol:   method getActivationStatus()
[ERROR]   location: variable taskContributor of type se.dtime.model.TaskContributor
[ERROR] /Users/mikael/projects/dtime/backend/src/main/java/se/dtime/service/taskcontributor/TaskContributorValidator.java:[47,64] cannot find symbol
[ERROR]   symbol:   method getUser()
[ERROR]   location: variable taskContributor of type se.dtime.model.TaskContributor
[ERROR] /Users/mikael/projects/dtime/backend/src/main/java/se/dtime/service/taskcontributor/TaskContributorValidator.java:[50,64] cannot find symbol
[ERROR]   symbol:   method getTask()
[ERROR]   location: variable taskContributor of type se.dtime.model.TaskContributor
[ERROR] /Users/mikael/projects/dtime/backend/src/main/java/se/dtime/service/taskcontributor/TaskContributorConverter.java:[32,31] cannot find symbol
[ERROR]   symbol:   method builder()
[ERROR]   location: class se.dtime.model.TaskContributor
[ERROR] /Users/mikael/projects/dtime/backend/src/main/java/se/dtime/service/taskcontributor/TaskContributorConverter.java:[49,48] cannot find symbol
[ERROR]   symbol:   method getId()
[ERROR]   location: variable taskContributor of type se.dtime.model.TaskContributor
[ERROR] /Users/mikael/projects/dtime/backend/src/main/java/se/dtime/service/taskcontributor/TaskContributorConverter.java:[50,61] cannot find symbol
[ERROR]   symbol:   method getUser()
[ERROR]   location: variable taskContributor of type se.dtime.model.TaskContributor
[ERROR] /Users/mikael/projects/dtime/backend/src/main/java/se/dtime/service/taskcontributor/TaskContributorConverter.java:[51,61] cannot find symbol
[ERROR]   symbol:   method getTask()
[ERROR]   location: variable taskContributor of type se.dtime.model.TaskContributor
[ERROR] /Users/mikael/projects/dtime/backend/src/main/java/se/dtime/service/taskcontributor/TaskContributorConverter.java:[52,62] cannot find symbol
[ERROR]   symbol:   method getActivationStatus()
[ERROR]   location: variable taskContributor of type se.dtime.model.TaskContributor
[ERROR] /Users/mikael/projects/dtime/backend/src/main/java/se/dtime/service/taskcontributor/TaskContributorConverter.java:[68,62] cannot find symbol
[ERROR]   symbol:   method builder()
[ERROR]   location: class se.dtime.model.TaskContributor
[ERROR] /Users/mikael/projects/dtime/backend/src/main/java/se/dtime/service/user/UserConverter.java:[27,20] cannot find symbol
[ERROR]   symbol:   method builder()
[ERROR]   location: class se.dtime.model.User
[ERROR] /Users/mikael/projects/dtime/backend/src/main/java/se/dtime/service/task/TaskConverter.java:[24,20] cannot find symbol
[ERROR]   symbol:   method builder()
[ERROR]   location: class se.dtime.model.Task
[ERROR] /Users/mikael/projects/dtime/backend/src/main/java/se/dtime/service/task/TaskConverter.java:[37,26] cannot find symbol
[ERROR]   symbol:   method getId()
[ERROR]   location: variable task of type se.dtime.model.Task
[ERROR] /Users/mikael/projects/dtime/backend/src/main/java/se/dtime/service/task/TaskConverter.java:[38,28] cannot find symbol
[ERROR]   symbol:   method getName()
[ERROR]   location: variable task of type se.dtime.model.Task
[ERROR] /Users/mikael/projects/dtime/backend/src/main/java/se/dtime/service/task/TaskConverter.java:[39,40] cannot find symbol
[ERROR]   symbol:   method getActivationStatus()
[ERROR]   location: variable task of type se.dtime.model.Task
[ERROR] /Users/mikael/projects/dtime/backend/src/main/java/se/dtime/service/task/TaskConverter.java:[43,29] cannot find symbol
[ERROR]   symbol:   method getAccount()
[ERROR]   location: variable task of type se.dtime.model.Task
[ERROR] /Users/mikael/projects/dtime/backend/src/main/java/se/dtime/restcontroller/TaskRestController.java:[26,17] cannot find symbol
[ERROR]   symbol:   method getId()
[ERROR]   location: variable task of type se.dtime.model.Task
[ERROR] /Users/mikael/projects/dtime/backend/src/main/java/se/dtime/service/task/TaskService.java:[43,17] cannot find symbol
[ERROR]   symbol:   method getActivationStatus()
[ERROR]   location: variable task of type se.dtime.model.Task
[ERROR] /Users/mikael/projects/dtime/backend/src/main/java/se/dtime/service/task/TaskValidator.java:[59,53] cannot find symbol
[ERROR]   symbol:   method getId()
[ERROR]   location: variable task of type se.dtime.model.Task
[ERROR] /Users/mikael/projects/dtime/backend/src/main/java/se/dtime/service/task/TaskValidator.java:[65,62] cannot find symbol
[ERROR]   symbol:   method getName()
[ERROR]   location: variable task of type se.dtime.model.Task
[ERROR] /Users/mikael/projects/dtime/backend/src/main/java/se/dtime/service/task/TaskValidator.java:[67,79] cannot find symbol
[ERROR]   symbol:   method getId()
[ERROR]   location: variable task of type se.dtime.model.Task
[ERROR] /Users/mikael/projects/dtime/backend/src/main/java/se/dtime/service/task/TaskValidator.java:[68,67] cannot find symbol
[ERROR]   symbol:   method getAccount()
[ERROR]   location: variable task of type se.dtime.model.Task
[ERROR] /Users/mikael/projects/dtime/backend/src/main/java/se/dtime/service/timeentry/TimeEntryService.java:[49,9] cannot find symbol
[ERROR]   symbol:   variable log
[ERROR]   location: class se.dtime.service.timeentry.TimeEntryService
[ERROR] /Users/mikael/projects/dtime/backend/src/main/java/se/dtime/service/timeentry/TimeEntryService.java:[49,43] cannot find symbol
[ERROR]   symbol:   method getTime()
[ERROR]   location: variable timeEntry of type se.dtime.model.timereport.TimeEntry
[ERROR] /Users/mikael/projects/dtime/backend/src/main/java/se/dtime/service/timeentry/TimeEntryService.java:[49,64] cannot find symbol
[ERROR]   symbol:   method getDay()
[ERROR]   location: variable timeEntry of type se.dtime.model.timereport.TimeEntry
[ERROR] /Users/mikael/projects/dtime/backend/src/main/java/se/dtime/service/timeentry/TimeEntryService.java:[53,35] cannot find symbol
[ERROR]   symbol:   method getTime()
[ERROR]   location: variable timeEntry of type se.dtime.model.timereport.TimeEntry
[ERROR] /Users/mikael/projects/dtime/backend/src/main/java/se/dtime/service/timeentry/TimeEntryService.java:[53,66] cannot find symbol
[ERROR]   symbol:   method getTime()
[ERROR]   location: variable timeEntry of type se.dtime.model.timereport.TimeEntry
[ERROR] /Users/mikael/projects/dtime/backend/src/main/java/se/dtime/service/timeentry/TimeEntryService.java:[55,71] cannot find symbol
[ERROR]   symbol:   method getId()
[ERROR]   location: variable timeEntry of type se.dtime.model.timereport.TimeEntry
[ERROR] -> [Help 1]
[ERROR] 
[ERROR] To see the full stack trace of the errors, re-run Maven with the -e switch.
[ERROR] Re-run Maven using the -X switch to enable full debug logging.
[ERROR] 
[ERROR] For more information about the errors and possible solutions, please read the following articles:
[ERROR] [Help 1] http://cwiki.apache.org/confluence/display/MAVEN/MojoFailureException
